{"/Users/pedroguerreroperez/dev/prueba-ripley/prueba-ripley-api/src/config/configuration.ts": {"path":"/Users/pedroguerreroperez/dev/prueba-ripley/prueba-ripley-api/src/config/configuration.ts","statementMap":{"0":{"start":{"line":1,"column":0},"end":{"line":6,"column":3}},"1":{"start":{"line":1,"column":22},"end":{"line":6,"column":2}}},"fnMap":{"0":{"name":"(anonymous_0)","decl":{"start":{"line":1,"column":15},"end":{"line":1,"column":18}},"loc":{"start":{"line":1,"column":22},"end":{"line":6,"column":2}}}},"branchMap":{},"s":{"0":1,"1":1},"f":{"0":1},"b":{}}
,"/Users/pedroguerreroperez/dev/prueba-ripley/prueba-ripley-api/src/desa/controllers/desa.controller.ts": {"path":"/Users/pedroguerreroperez/dev/prueba-ripley/prueba-ripley-api/src/desa/controllers/desa.controller.ts","statementMap":{"0":{"start":{"line":1,"column":0},"end":{"line":1,"column":null}},"1":{"start":{"line":11,"column":0},"end":{"line":11,"column":null}},"2":{"start":{"line":19,"column":0},"end":{"line":19,"column":55}},"3":{"start":{"line":20,"column":0},"end":{"line":20,"column":61}},"4":{"start":{"line":21,"column":0},"end":{"line":21,"column":77}},"5":{"start":{"line":22,"column":0},"end":{"line":22,"column":52}},"6":{"start":{"line":23,"column":0},"end":{"line":23,"column":61}},"7":{"start":{"line":27,"column":7},"end":{"line":92,"column":null}},"8":{"start":{"line":28,"column":31},"end":{"line":28,"column":44}},"9":{"start":{"line":46,"column":4},"end":{"line":50,"column":null}},"10":{"start":{"line":47,"column":6},"end":{"line":47,"column":69}},"11":{"start":{"line":49,"column":6},"end":{"line":49,"column":74}},"12":{"start":{"line":52,"column":4},"end":{"line":55,"column":6}},"13":{"start":{"line":75,"column":20},"end":{"line":75,"column":36}},"14":{"start":{"line":78,"column":4},"end":{"line":88,"column":null}},"15":{"start":{"line":79,"column":6},"end":{"line":79,"column":61}},"16":{"start":{"line":81,"column":6},"end":{"line":83,"column":null}},"17":{"start":{"line":82,"column":8},"end":{"line":82,"column":20}},"18":{"start":{"line":85,"column":6},"end":{"line":87,"column":8}},"19":{"start":{"line":90,"column":4},"end":{"line":90,"column":17}},"20":{"start":{"line":27,"column":13},"end":{"line":27,"column":27}},"21":{"start":{"line":41,"column":8},"end":{"line":56,"column":null}},"22":{"start":{"line":72,"column":8},"end":{"line":91,"column":null}},"23":{"start":{"line":27,"column":13},"end":{"line":92,"column":null}}},"fnMap":{"0":{"name":"(anonymous_4)","decl":{"start":{"line":28,"column":2},"end":{"line":28,"column":31}},"loc":{"start":{"line":28,"column":55},"end":{"line":28,"column":59}}},"1":{"name":"(anonymous_5)","decl":{"start":{"line":41,"column":2},"end":{"line":41,"column":7}},"loc":{"start":{"line":42,"column":46},"end":{"line":56,"column":3}}},"2":{"name":"(anonymous_6)","decl":{"start":{"line":72,"column":2},"end":{"line":72,"column":7}},"loc":{"start":{"line":73,"column":47},"end":{"line":91,"column":3}}}},"branchMap":{"0":{"loc":{"start":{"line":81,"column":6},"end":{"line":83,"column":null}},"type":"if","locations":[{"start":{"line":81,"column":6},"end":{"line":83,"column":null}}]}},"s":{"0":1,"1":1,"2":1,"3":1,"4":1,"5":1,"6":1,"7":1,"8":5,"9":2,"10":2,"11":1,"12":1,"13":3,"14":3,"15":3,"16":2,"17":1,"18":1,"19":1,"20":1,"21":1,"22":1,"23":1},"f":{"0":5,"1":2,"2":3},"b":{"0":[1]}}
,"/Users/pedroguerreroperez/dev/prueba-ripley/prueba-ripley-api/src/desa/services/desa.service.ts": {"path":"/Users/pedroguerreroperez/dev/prueba-ripley/prueba-ripley-api/src/desa/services/desa.service.ts","statementMap":{"0":{"start":{"line":1,"column":0},"end":{"line":1,"column":43}},"1":{"start":{"line":2,"column":0},"end":{"line":2,"column":63}},"2":{"start":{"line":3,"column":0},"end":{"line":3,"column":51}},"3":{"start":{"line":4,"column":0},"end":{"line":4,"column":52}},"4":{"start":{"line":8,"column":7},"end":{"line":48,"column":null}},"5":{"start":{"line":11,"column":21},"end":{"line":11,"column":36}},"6":{"start":{"line":15,"column":4},"end":{"line":15,"column":59}},"7":{"start":{"line":19,"column":46},"end":{"line":19,"column":62}},"8":{"start":{"line":21,"column":17},"end":{"line":21,"column":66}},"9":{"start":{"line":23,"column":17},"end":{"line":23,"column":63}},"10":{"start":{"line":25,"column":4},"end":{"line":25,"column":40}},"11":{"start":{"line":27,"column":4},"end":{"line":27,"column":16}},"12":{"start":{"line":31,"column":18},"end":{"line":38,"column":6}},"13":{"start":{"line":40,"column":4},"end":{"line":44,"column":null}},"14":{"start":{"line":41,"column":6},"end":{"line":43,"column":8}},"15":{"start":{"line":46,"column":4},"end":{"line":46,"column":17}},"16":{"start":{"line":8,"column":13},"end":{"line":8,"column":24}},"17":{"start":{"line":8,"column":13},"end":{"line":48,"column":null}}},"fnMap":{"0":{"name":"(anonymous_4)","decl":{"start":{"line":9,"column":2},"end":{"line":9,"column":null}},"loc":{"start":{"line":11,"column":54},"end":{"line":12,"column":6}}},"1":{"name":"(anonymous_5)","decl":{"start":{"line":14,"column":2},"end":{"line":14,"column":15}},"loc":{"start":{"line":14,"column":55},"end":{"line":16,"column":3}}},"2":{"name":"(anonymous_6)","decl":{"start":{"line":18,"column":2},"end":{"line":18,"column":7}},"loc":{"start":{"line":18,"column":51},"end":{"line":28,"column":3}}},"3":{"name":"(anonymous_7)","decl":{"start":{"line":30,"column":2},"end":{"line":30,"column":7}},"loc":{"start":{"line":30,"column":38},"end":{"line":47,"column":3}}}},"branchMap":{"0":{"loc":{"start":{"line":14,"column":47},"end":{"line":14,"column":55}},"type":"default-arg","locations":[{"start":{"line":14,"column":54},"end":{"line":14,"column":55}}]},"1":{"loc":{"start":{"line":40,"column":4},"end":{"line":44,"column":null}},"type":"if","locations":[{"start":{"line":40,"column":4},"end":{"line":44,"column":null}}]}},"s":{"0":2,"1":2,"2":2,"3":2,"4":2,"5":4,"6":1,"7":1,"8":1,"9":1,"10":1,"11":1,"12":2,"13":2,"14":1,"15":1,"16":2,"17":2},"f":{"0":4,"1":1,"2":1,"3":2},"b":{"0":[1],"1":[1]}}
}
