TN:
SF:src/config/configuration.ts
FN:1,(anonymous_0)
FNF:1
FNH:1
FNDA:1,(anonymous_0)
DA:1,1
LF:1
LH:1
BRF:0
BRH:0
end_of_record
TN:
SF:src/desa/controllers/desa.controller.ts
FN:28,(anonymous_4)
FN:41,(anonymous_5)
FN:72,(anonymous_6)
FNF:3
FNH:3
FNDA:5,(anonymous_4)
FNDA:2,(anonymous_5)
FNDA:3,(anonymous_6)
DA:1,1
DA:11,1
DA:19,1
DA:20,1
DA:21,1
DA:22,1
DA:23,1
DA:27,1
DA:28,5
DA:41,1
DA:46,2
DA:47,2
DA:49,1
DA:52,1
DA:72,1
DA:75,3
DA:78,3
DA:79,3
DA:81,2
DA:82,1
DA:85,1
DA:90,1
LF:22
LH:22
BRDA:81,0,0,1
BRF:1
BRH:1
end_of_record
TN:
SF:src/desa/services/desa.service.ts
FN:9,(anonymous_4)
FN:14,(anonymous_5)
FN:18,(anonymous_6)
FN:30,(anonymous_7)
FNF:4
FNH:4
FNDA:4,(anonymous_4)
FNDA:1,(anonymous_5)
FNDA:1,(anonymous_6)
FNDA:2,(anonymous_7)
DA:1,2
DA:2,2
DA:3,2
DA:4,2
DA:8,2
DA:11,4
DA:15,1
DA:19,1
DA:21,1
DA:23,1
DA:25,1
DA:27,1
DA:31,2
DA:40,2
DA:41,1
DA:46,1
LF:16
LH:16
BRDA:14,0,0,1
BRDA:40,1,0,1
BRF:2
BRH:2
end_of_record
